#
# There is insufficient memory for the Java Runtime Environment to continue.
# Native memory allocation (malloc) failed to allocate 32744 bytes for ChunkPool::allocate
# Possible reasons:
#   The system is out of physical RAM or swap space
#   In 32 bit mode, the process size limit was hit
# Possible solutions:
#   Reduce memory load on the system
#   Increase physical memory or swap space
#   Check if swap backing store is full
#   Use 64 bit Java on a 64 bit OS
#   Decrease Java heap size (-Xmx/-Xms)
#   Decrease number of Java threads
#   Decrease Java thread stack sizes (-Xss)
#   Set larger code cache with -XX:ReservedCodeCacheSize=
# This output file may be truncated or incomplete.
#
#  Out of Memory Error (allocation.cpp:273), pid=3500, tid=0x0000000000000bfc
#
# JRE version: Java(TM) SE Runtime Environment (8.0_121-b13) (build 1.8.0_121-b13)
# Java VM: Java HotSpot(TM) 64-Bit Server VM (25.121-b13 mixed mode windows-amd64 compressed oops)
# Failed to write core dump. Minidumps are not enabled by default on client versions of Windows
#

---------------  T H R E A D  ---------------

Current thread (0x0000000001daa000):  JavaThread "C2 CompilerThread0" daemon [_thread_in_native, id=3068, stack(0x00000000154a0000,0x00000000155a0000)]

Stack: [0x00000000154a0000,0x00000000155a0000]
[error occurred during error reporting (printing stack bounds), id 0xc0000005]

Native frames: (J=compiled Java code, j=interpreted, Vv=VM code, C=native code)


Current CompileTask:
C2:  35657 5763       4       scala.tools.nsc.symtab.SymbolLoaders::initializeFromClassPath (392 bytes)


---------------  P R O C E S S  ---------------

Java Threads: ( => current thread )
  0x0000000001e1d000 JavaThread "Service Thread" daemon [_thread_blocked, id=3436, stack(0x00000000156a0000,0x00000000157a0000)]
  0x0000000001db0800 JavaThread "C1 CompilerThread1" daemon [_thread_blocked, id=2944, stack(0x00000000155a0000,0x00000000156a0000)]
=>0x0000000001daa000 JavaThread "C2 CompilerThread0" daemon [_thread_in_native, id=3068, stack(0x00000000154a0000,0x00000000155a0000)]
  0x0000000001da8800 JavaThread "Attach Listener" daemon [_thread_blocked, id=664, stack(0x00000000153a0000,0x00000000154a0000)]
  0x0000000001da5000 JavaThread "Signal Dispatcher" daemon [_thread_blocked, id=5512, stack(0x00000000152a0000,0x00000000153a0000)]
  0x0000000001d98800 JavaThread "Finalizer" daemon [_thread_blocked, id=4036, stack(0x0000000014e90000,0x0000000014f90000)]
  0x000000000126d000 JavaThread "Reference Handler" daemon [_thread_blocked, id=860, stack(0x0000000014d90000,0x0000000014e90000)]
  0x000000000117e000 JavaThread "main" [_thread_in_native, id=3440, stack(0x0000000000f90000,0x0000000001090000)]

Other Threads:
  0x0000000001d75800 VMThread [stack: 0x0000000014c90000,0x0000000014d90000] [id=4216]
  0x0000000001e33000 WatcherThread [stack: 0x00000000157a0000,0x00000000158a0000] [id=2072]

VM state:not at safepoint (normal execution)

VM Mutex/Monitor currently owned by a thread: None

Heap:
 PSYoungGen      total 95744K, used 13571K [0x00000000f0000000, 0x00000000f6600000, 0x0000000100000000)
  eden space 87040K, 9% used [0x00000000f0000000,0x00000000f07c8220,0x00000000f5500000)
  from space 8704K, 64% used [0x00000000f5500000,0x00000000f5a78c60,0x00000000f5d80000)
  to   space 8192K, 0% used [0x00000000f5e00000,0x00000000f5e00000,0x00000000f6600000)
 ParOldGen       total 107008K, used 45366K [0x00000000d0000000, 0x00000000d6880000, 0x00000000f0000000)
  object space 107008K, 42% used [0x00000000d0000000,0x00000000d2c4d8a8,0x00000000d6880000)
 Metaspace       used 45360K, capacity 45780K, committed 45864K, reserved 1087488K
  class space    used 8609K, capacity 8725K, committed 8744K, reserved 1048576K

Card table byte_map: [0x0000000001640000,0x00000000017d0000] byte_map_base: 0x0000000000fc0000

Marking Bits: (ParMarkBitMap*) 0x0000000069acb6d0
 Begin Bits: [0x0000000012400000, 0x0000000013000000)
 End Bits:   [0x0000000013000000, 0x0000000013c00000)

Polling page: 0x0000000001090000

CodeCache: size=245760Kb used=13916Kb max_used=14392Kb free=231843Kb
 bounds [0x0000000003400000, 0x0000000004260000, 0x0000000012400000]
 total_blobs=5300 nmethods=4841 adapters=368
 compilation: enabled

Compilation events (10 events):
Event: 35.479 Thread 0x0000000001daa000 5760       4       scala.tools.nsc.symtab.SymbolLoaders$SymbolLoader::<init> (31 bytes)
Event: 35.482 Thread 0x0000000001db0800 nmethod 5759 0x0000000003f630d0 code [0x0000000003f63440, 0x0000000003f652c8]
Event: 35.482 Thread 0x0000000001daa000 nmethod 5760 0x0000000003a5a850 code [0x0000000003a5a980, 0x0000000003a5aa38]
Event: 35.484 Thread 0x0000000001daa000 5761       4       scala.tools.nsc.symtab.SymbolLoaders$PackageLoader$$anonfun$doComplete$2::apply (12 bytes)
Event: 35.488 Thread 0x0000000001daa000 nmethod 5761 0x0000000003add690 code [0x0000000003add7e0, 0x0000000003add918]
Event: 35.488 Thread 0x0000000001daa000 5762       4       scala.tools.nsc.symtab.SymbolLoaders$PackageLoader$$anonfun$doComplete$3::apply (12 bytes)
Event: 35.491 Thread 0x0000000001daa000 nmethod 5762 0x000000000367bbd0 code [0x000000000367bd20, 0x000000000367be08]
Event: 35.492 Thread 0x0000000001daa000 5763       4       scala.tools.nsc.symtab.SymbolLoaders::initializeFromClassPath (392 bytes)
Event: 35.538 Thread 0x0000000001db0800 5766       1       scala.tools.nsc.symtab.classfile.ClassfileParser::currentClass (5 bytes)
Event: 35.538 Thread 0x0000000001db0800 nmethod 5766 0x000000000366df10 code [0x000000000366e060, 0x000000000366e170]

GC Heap History (10 events):
Event: 20.822 GC heap before
{Heap before GC invocations=16 (full 4):
 PSYoungGen      total 77824K, used 64K [0x00000000f0000000, 0x00000000f5680000, 0x0000000100000000)
  eden space 68608K, 0% used [0x00000000f0000000,0x00000000f0000000,0x00000000f4300000)
  from space 9216K, 0% used [0x00000000f4c80000,0x00000000f4c90000,0x00000000f5580000)
  to   space 9728K, 0% used [0x00000000f4300000,0x00000000f4300000,0x00000000f4c80000)
 ParOldGen       total 45568K, used 13733K [0x00000000d0000000, 0x00000000d2c80000, 0x00000000f0000000)
  object space 45568K, 30% used [0x00000000d0000000,0x00000000d0d694d8,0x00000000d2c80000)
 Metaspace       used 40823K, capacity 41160K, committed 41384K, reserved 1083392K
  class space    used 7693K, capacity 7762K, committed 7848K, reserved 1048576K
Event: 20.955 GC heap after
Heap after GC invocations=16 (full 4):
 PSYoungGen      total 77824K, used 0K [0x00000000f0000000, 0x00000000f5680000, 0x0000000100000000)
  eden space 68608K, 0% used [0x00000000f0000000,0x00000000f0000000,0x00000000f4300000)
  from space 9216K, 0% used [0x00000000f4c80000,0x00000000f4c80000,0x00000000f5580000)
  to   space 9728K, 0% used [0x00000000f4300000,0x00000000f4300000,0x00000000f4c80000)
 ParOldGen       total 45568K, used 11013K [0x00000000d0000000, 0x00000000d2c80000, 0x00000000f0000000)
  object space 45568K, 24% used [0x00000000d0000000,0x00000000d0ac1738,0x00000000d2c80000)
 Metaspace       used 40823K, capacity 41160K, committed 41384K, reserved 1083392K
  class space    used 7693K, capacity 7762K, committed 7848K, reserved 1048576K
}
Event: 24.583 GC heap before
{Heap before GC invocations=17 (full 4):
 PSYoungGen      total 77824K, used 68608K [0x00000000f0000000, 0x00000000f5680000, 0x0000000100000000)
  eden space 68608K, 100% used [0x00000000f0000000,0x00000000f4300000,0x00000000f4300000)
  from space 9216K, 0% used [0x00000000f4c80000,0x00000000f4c80000,0x00000000f5580000)
  to   space 9728K, 0% used [0x00000000f4300000,0x00000000f4300000,0x00000000f4c80000)
 ParOldGen       total 45568K, used 11013K [0x00000000d0000000, 0x00000000d2c80000, 0x00000000f0000000)
  object space 45568K, 24% used [0x00000000d0000000,0x00000000d0ac1738,0x00000000d2c80000)
 Metaspace       used 41980K, capacity 42416K, committed 42664K, reserved 1083392K
  class space    used 7901K, capacity 8029K, committed 8104K, reserved 1048576K
Event: 24.594 GC heap after
Heap after GC invocations=17 (full 4):
 PSYoungGen      total 78336K, used 3265K [0x00000000f0000000, 0x00000000f6700000, 0x0000000100000000)
  eden space 68608K, 0% used [0x00000000f0000000,0x00000000f0000000,0x00000000f4300000)
  from space 9728K, 33% used [0x00000000f4300000,0x00000000f4630530,0x00000000f4c80000)
  to   space 9216K, 0% used [0x00000000f5e00000,0x00000000f5e00000,0x00000000f6700000)
 ParOldGen       total 45568K, used 11021K [0x00000000d0000000, 0x00000000d2c80000, 0x00000000f0000000)
  object space 45568K, 24% used [0x00000000d0000000,0x00000000d0ac3738,0x00000000d2c80000)
 Metaspace       used 41980K, capacity 42416K, committed 42664K, reserved 1083392K
  class space    used 7901K, capacity 8029K, committed 8104K, reserved 1048576K
}
Event: 25.824 GC heap before
{Heap before GC invocations=18 (full 4):
 PSYoungGen      total 78336K, used 71873K [0x00000000f0000000, 0x00000000f6700000, 0x0000000100000000)
  eden space 68608K, 100% used [0x00000000f0000000,0x00000000f4300000,0x00000000f4300000)
  from space 9728K, 33% used [0x00000000f4300000,0x00000000f4630530,0x00000000f4c80000)
  to   space 9216K, 0% used [0x00000000f5e00000,0x00000000f5e00000,0x00000000f6700000)
 ParOldGen       total 45568K, used 11021K [0x00000000d0000000, 0x00000000d2c80000, 0x00000000f0000000)
  object space 45568K, 24% used [0x00000000d0000000,0x00000000d0ac3738,0x00000000d2c80000)
 Metaspace       used 42858K, capacity 43248K, committed 43304K, reserved 1085440K
  class space    used 8084K, capacity 8221K, committed 8232K, reserved 1048576K
Event: 25.839 GC heap after
Heap after GC invocations=18 (full 4):
 PSYoungGen      total 95232K, used 3687K [0x00000000f0000000, 0x00000000f6600000, 0x0000000100000000)
  eden space 87040K, 0% used [0x00000000f0000000,0x00000000f0000000,0x00000000f5500000)
  from space 8192K, 45% used [0x00000000f5e00000,0x00000000f6199d28,0x00000000f6600000)
  to   space 8704K, 0% used [0x00000000f5500000,0x00000000f5500000,0x00000000f5d80000)
 ParOldGen       total 45568K, used 11021K [0x00000000d0000000, 0x00000000d2c80000, 0x00000000f0000000)
  object space 45568K, 24% used [0x00000000d0000000,0x00000000d0ac3738,0x00000000d2c80000)
 Metaspace       used 42858K, capacity 43248K, committed 43304K, reserved 1085440K
  class space    used 8084K, capacity 8221K, committed 8232K, reserved 1048576K
}
Event: 30.055 GC heap before
{Heap before GC invocations=19 (full 4):
 PSYoungGen      total 95232K, used 90727K [0x00000000f0000000, 0x00000000f6600000, 0x0000000100000000)
  eden space 87040K, 100% used [0x00000000f0000000,0x00000000f5500000,0x00000000f5500000)
  from space 8192K, 45% used [0x00000000f5e00000,0x00000000f6199d28,0x00000000f6600000)
  to   space 8704K, 0% used [0x00000000f5500000,0x00000000f5500000,0x00000000f5d80000)
 ParOldGen       total 45568K, used 11021K [0x00000000d0000000, 0x00000000d2c80000, 0x00000000f0000000)
  object space 45568K, 24% used [0x00000000d0000000,0x00000000d0ac3738,0x00000000d2c80000)
 Metaspace       used 44827K, capacity 45296K, committed 45480K, reserved 1085440K
  class space    used 8423K, capacity 8541K, committed 8616K, reserved 1048576K
Event: 30.347 GC heap after
Heap after GC invocations=19 (full 4):
 PSYoungGen      total 95744K, used 8688K [0x00000000f0000000, 0x00000000f6600000, 0x0000000100000000)
  eden space 87040K, 0% used [0x00000000f0000000,0x00000000f0000000,0x00000000f5500000)
  from space 8704K, 99% used [0x00000000f5500000,0x00000000f5d7c030,0x00000000f5d80000)
  to   space 8192K, 0% used [0x00000000f5e00000,0x00000000f5e00000,0x00000000f6600000)
 ParOldGen       total 45568K, used 44672K [0x00000000d0000000, 0x00000000d2c80000, 0x00000000f0000000)
  object space 45568K, 98% used [0x00000000d0000000,0x00000000d2ba03d8,0x00000000d2c80000)
 Metaspace       used 44827K, capacity 45296K, committed 45480K, reserved 1085440K
  class space    used 8423K, capacity 8541K, committed 8616K, reserved 1048576K
}
Event: 30.347 GC heap before
{Heap before GC invocations=20 (full 5):
 PSYoungGen      total 95744K, used 8688K [0x00000000f0000000, 0x00000000f6600000, 0x0000000100000000)
  eden space 87040K, 0% used [0x00000000f0000000,0x00000000f0000000,0x00000000f5500000)
  from space 8704K, 99% used [0x00000000f5500000,0x00000000f5d7c030,0x00000000f5d80000)
  to   space 8192K, 0% used [0x00000000f5e00000,0x00000000f5e00000,0x00000000f6600000)
 ParOldGen       total 45568K, used 44672K [0x00000000d0000000, 0x00000000d2c80000, 0x00000000f0000000)
  object space 45568K, 98% used [0x00000000d0000000,0x00000000d2ba03d8,0x00000000d2c80000)
 Metaspace       used 44827K, capacity 45296K, committed 45480K, reserved 1085440K
  class space    used 8423K, capacity 8541K, committed 8616K, reserved 1048576K
Event: 32.202 GC heap after
Heap after GC invocations=20 (full 5):
 PSYoungGen      total 95744K, used 5603K [0x00000000f0000000, 0x00000000f6600000, 0x0000000100000000)
  eden space 87040K, 0% used [0x00000000f0000000,0x00000000f0000000,0x00000000f5500000)
  from space 8704K, 64% used [0x00000000f5500000,0x00000000f5a78c60,0x00000000f5d80000)
  to   space 8192K, 0% used [0x00000000f5e00000,0x00000000f5e00000,0x00000000f6600000)
 ParOldGen       total 107008K, used 45366K [0x00000000d0000000, 0x00000000d6880000, 0x00000000f0000000)
  object space 107008K, 42% used [0x00000000d0000000,0x00000000d2c4d8a8,0x00000000d6880000)
 Metaspace       used 44781K, capacity 45204K, committed 45480K, reserved 1085440K
  class space    used 8416K, capacity 8533K, committed 8616K, reserved 1048576K
}

Deoptimization events (10 events):
Event: 28.413 Thread 0x000000000117e000 Uncommon trap: reason=unstable_if action=reinterpret pc=0x0000000003bf0b28 method=scala.reflect.internal.Names$class.enterChars(Lscala/reflect/internal/Names;[CII)V @ 25
Event: 29.365 Thread 0x000000000117e000 Uncommon trap: reason=array_check action=maybe_recompile pc=0x0000000003dd6690 method=scala.runtime.ScalaRunTime$.array_update(Ljava/lang/Object;ILjava/lang/Object;)V @ 17
Event: 29.365 Thread 0x000000000117e000 Uncommon trap: reason=array_check action=maybe_recompile pc=0x0000000003c8efc4 method=scala.runtime.ScalaRunTime$.array_update(Ljava/lang/Object;ILjava/lang/Object;)V @ 17
Event: 29.365 Thread 0x000000000117e000 Uncommon trap: reason=array_check action=maybe_recompile pc=0x0000000003c8efc4 method=scala.runtime.ScalaRunTime$.array_update(Ljava/lang/Object;ILjava/lang/Object;)V @ 17
Event: 29.365 Thread 0x000000000117e000 Uncommon trap: reason=array_check action=maybe_recompile pc=0x0000000003c8efc4 method=scala.runtime.ScalaRunTime$.array_update(Ljava/lang/Object;ILjava/lang/Object;)V @ 17
Event: 29.905 Thread 0x000000000117e000 Uncommon trap: reason=array_check action=maybe_recompile pc=0x0000000003dd6690 method=scala.runtime.ScalaRunTime$.array_update(Ljava/lang/Object;ILjava/lang/Object;)V @ 17
Event: 29.908 Thread 0x000000000117e000 Uncommon trap: reason=unstable_if action=reinterpret pc=0x0000000003c5a95c method=scala.collection.mutable.FlatHashTable$class.addEntry(Lscala/collection/mutable/FlatHashTable;Ljava/lang/Object;)Z @ 80
Event: 32.790 Thread 0x000000000117e000 Uncommon trap: reason=unstable_if action=reinterpret pc=0x0000000004130b1c method=scala.reflect.internal.pickling.UnPickler$Scan.readSymbol()Lscala/reflect/internal/Symbols$Symbol; @ 504
Event: 34.697 Thread 0x000000000117e000 Uncommon trap: reason=unstable_if action=reinterpret pc=0x000000000421b530 method=scala.reflect.internal.pickling.UnPickler$Scan.finishSym$1(Lscala/reflect/internal/Symbols$Symbol;ILscala/runtime/IntRef;Lscala/reflect/internal/Symbols$Symbol;)Lscala/refle
Event: 35.274 Thread 0x000000000117e000 Uncommon trap: reason=unstable_if action=reinterpret pc=0x0000000003ccc9ec method=scala.reflect.internal.Symbols$Symbol.rawInfo()Lscala/reflect/internal/Types$Type; @ 57

Internal exceptions (10 events):
Event: 10.001 Thread 0x000000000117e000 Exception <a 'java/lang/ArrayIndexOutOfBoundsException'> (0x00000000f023f6e0) thrown at [C:\re\workspace\8-2-build-windows-amd64-cygwin\jdk8u121\8372\hotspot\src\share\vm\runtime\sharedRuntime.cpp, line 605]
Event: 12.780 Thread 0x000000000117e000 Exception <a 'java/lang/ClassNotFoundException': java/net> (0x00000000f0dfd100) thrown at [C:\re\workspace\8-2-build-windows-amd64-cygwin\jdk8u121\8372\hotspot\src\share\vm\classfile\systemDictionary.cpp, line 210]
Event: 12.780 Thread 0x000000000117e000 Exception <a 'java/lang/ClassNotFoundException': java/net/package> (0x00000000f0dfe0b8) thrown at [C:\re\workspace\8-2-build-windows-amd64-cygwin\jdk8u121\8372\hotspot\src\share\vm\classfile\systemDictionary.cpp, line 210]
Event: 19.617 Thread 0x00000000161a7800 Exception <a 'java/io/FileNotFoundException'> (0x00000000f23911c0) thrown at [C:\re\workspace\8-2-build-windows-amd64-cygwin\jdk8u121\8372\hotspot\src\share\vm\prims\jni.cpp, line 709]
Event: 21.219 Thread 0x000000000117e000 Exception <a 'java/security/PrivilegedActionException'> (0x00000000f0328100) thrown at [C:\re\workspace\8-2-build-windows-amd64-cygwin\jdk8u121\8372\hotspot\src\share\vm\prims\jvm.cpp, line 1390]
Event: 21.219 Thread 0x000000000117e000 Exception <a 'java/security/PrivilegedActionException'> (0x00000000f03288c8) thrown at [C:\re\workspace\8-2-build-windows-amd64-cygwin\jdk8u121\8372\hotspot\src\share\vm\prims\jvm.cpp, line 1390]
Event: 21.929 Thread 0x000000000117e000 Exception <a 'java/lang/ArrayIndexOutOfBoundsException': 22> (0x00000000f0edcb18) thrown at [C:\re\workspace\8-2-build-windows-amd64-cygwin\jdk8u121\8372\hotspot\src\share\vm\interpreter\interpreterRuntime.cpp, line 366]
Event: 22.055 Thread 0x000000000117e000 Exception <a 'java/lang/ArrayIndexOutOfBoundsException'> (0x00000000f0fce690) thrown at [C:\re\workspace\8-2-build-windows-amd64-cygwin\jdk8u121\8372\hotspot\src\share\vm\runtime\sharedRuntime.cpp, line 605]
Event: 22.077 Thread 0x000000000117e000 Exception <a 'java/lang/ArrayIndexOutOfBoundsException'> (0x00000000f0ff9100) thrown at [C:\re\workspace\8-2-build-windows-amd64-cygwin\jdk8u121\8372\hotspot\src\share\vm\runtime\sharedRuntime.cpp, line 605]
Event: 25.484 Thread 0x000000000117e000 Exception <a 'java/io/FileNotFoundException'> (0x00000000f297af28) thrown at [C:\re\workspace\8-2-build-windows-amd64-cygwin\jdk8u121\8372\hotspot\src\share\vm\prims\jni.cpp, line 709]

Events (10 events):
Event: 33.824 Executing VM operation: Deoptimize
Event: 33.825 Executing VM operation: Deoptimize done
Event: 34.697 Thread 0x000000000117e000 Uncommon trap: trap_request=0xffffff65 fr.pc=0x000000000421b530
Event: 34.697 Thread 0x000000000117e000 DEOPT PACKING pc=0x000000000421b530 sp=0x0000000001089c90
Event: 34.697 Thread 0x000000000117e000 DEOPT UNPACKING pc=0x000000000344582a sp=0x0000000001089c60 mode 2
Event: 35.071 Executing VM operation: Deoptimize
Event: 35.072 Executing VM operation: Deoptimize done
Event: 35.274 Thread 0x000000000117e000 Uncommon trap: trap_request=0xffffff65 fr.pc=0x0000000003ccc9ec
Event: 35.274 Thread 0x000000000117e000 DEOPT PACKING pc=0x0000000003ccc9ec sp=0x000000000108adc0
Event: 35.274 Thread 0x000000000117e000 DEOPT UNPACKING pc=0x000000000344582a sp=0x000000000108ad60 mode 2


Dynamic libraries:
0x00007ff66b290000 - 0x00007ff66b2c7000 	C:\Program Files\Java\jdk1.8.0_121\bin\java.exe
0x00007ffbf2410000 - 0x00007ffbf25ba000 	C:\WINDOWS\SYSTEM32\ntdll.dll
0x00007ffbf20d0000 - 0x00007ffbf220a000 	C:\WINDOWS\system32\KERNEL32.DLL
0x00007ffbefa30000 - 0x00007ffbefb3f000 	C:\WINDOWS\system32\KERNELBASE.dll
0x00007ffbee3c0000 - 0x00007ffbee448000 	C:\WINDOWS\system32\apphelp.dll
0x00007ffbe3060000 - 0x00007ffbe30af000 	C:\WINDOWS\AppPatch\AppPatch64\AcGenral.DLL
0x00007ffbf0170000 - 0x00007ffbf0217000 	C:\WINDOWS\system32\msvcrt.dll
0x00007ffbef560000 - 0x00007ffbef58b000 	C:\WINDOWS\SYSTEM32\SspiCli.dll
0x00007ffbf1ed0000 - 0x00007ffbf1f21000 	C:\WINDOWS\system32\SHLWAPI.dll
0x00007ffbeff50000 - 0x00007ffbf00c1000 	C:\WINDOWS\system32\USER32.dll
0x00007ffbf0410000 - 0x00007ffbf0588000 	C:\WINDOWS\system32\ole32.dll
0x00007ffbf0a50000 - 0x00007ffbf1e70000 	C:\WINDOWS\system32\SHELL32.dll
0x00007ffbeed90000 - 0x00007ffbeedae000 	C:\WINDOWS\SYSTEM32\USERENV.dll
0x00007ffbefea0000 - 0x00007ffbeff45000 	C:\WINDOWS\system32\ADVAPI32.dll
0x00007ffbe6d00000 - 0x00007ffbe6d1b000 	C:\WINDOWS\SYSTEM32\MPR.dll
0x00007ffbefc90000 - 0x00007ffbefdc6000 	C:\WINDOWS\system32\RPCRT4.dll
0x00007ffbf1e70000 - 0x00007ffbf1ec7000 	C:\WINDOWS\SYSTEM32\sechost.dll
0x00007ffbf0230000 - 0x00007ffbf0406000 	C:\WINDOWS\SYSTEM32\combase.dll
0x00007ffbf0900000 - 0x00007ffbf0a44000 	C:\WINDOWS\system32\GDI32.dll
0x00007ffbef780000 - 0x00007ffbef794000 	C:\WINDOWS\SYSTEM32\profapi.dll
0x00007ffbedde0000 - 0x00007ffbede7f000 	C:\WINDOWS\SYSTEM32\SHCORE.dll
0x00007ffbf0680000 - 0x00007ffbf06b4000 	C:\WINDOWS\system32\IMM32.DLL
0x00007ffbf1f90000 - 0x00007ffbf20c9000 	C:\WINDOWS\system32\MSCTF.dll
0x00007ffbed570000 - 0x00007ffbed7ca000 	C:\WINDOWS\WinSxS\amd64_microsoft.windows.common-controls_6595b64144ccf1df_6.0.9600.17031_none_6242a4b3ecbb55a1\COMCTL32.dll
0x000000006ba50000 - 0x000000006bb22000 	C:\Program Files\Java\jdk1.8.0_121\jre\bin\msvcr100.dll
0x00000000692b0000 - 0x0000000069b4b000 	C:\Program Files\Java\jdk1.8.0_121\jre\bin\server\jvm.dll
0x00007ffbebcf0000 - 0x00007ffbebcf9000 	C:\WINDOWS\SYSTEM32\WSOCK32.dll
0x00007ffbeb250000 - 0x00007ffbeb26f000 	C:\WINDOWS\SYSTEM32\WINMM.dll
0x00007ffbe8660000 - 0x00007ffbe866a000 	C:\WINDOWS\SYSTEM32\VERSION.dll
0x00007ffbf0660000 - 0x00007ffbf0667000 	C:\WINDOWS\system32\PSAPI.DLL
0x00007ffbf23b0000 - 0x00007ffbf2408000 	C:\WINDOWS\system32\WS2_32.dll
0x00007ffbeb050000 - 0x00007ffbeb07a000 	C:\WINDOWS\SYSTEM32\WINMMBASE.dll
0x00007ffbf0220000 - 0x00007ffbf0229000 	C:\WINDOWS\system32\NSI.dll
0x00007ffbefb40000 - 0x00007ffbefb8a000 	C:\WINDOWS\SYSTEM32\cfgmgr32.dll
0x00007ffbee610000 - 0x00007ffbee636000 	C:\WINDOWS\SYSTEM32\DEVOBJ.dll
0x000000006ba40000 - 0x000000006ba4f000 	C:\Program Files\Java\jdk1.8.0_121\jre\bin\verify.dll
0x000000006ba10000 - 0x000000006ba39000 	C:\Program Files\Java\jdk1.8.0_121\jre\bin\java.dll
0x000000006b9f0000 - 0x000000006ba06000 	C:\Program Files\Java\jdk1.8.0_121\jre\bin\zip.dll
0x000000006b9d0000 - 0x000000006b9ea000 	C:\Program Files\Java\jdk1.8.0_121\jre\bin\net.dll
0x00007ffbeefe0000 - 0x00007ffbef038000 	C:\WINDOWS\system32\mswsock.dll
0x000000006b9b0000 - 0x000000006b9c1000 	C:\Program Files\Java\jdk1.8.0_121\jre\bin\nio.dll
0x00007ffbef040000 - 0x00007ffbef05e000 	C:\WINDOWS\SYSTEM32\CRYPTSP.dll
0x00007ffbeec80000 - 0x00007ffbeecb5000 	C:\WINDOWS\system32\rsaenh.dll
0x00007ffbef270000 - 0x00007ffbef296000 	C:\WINDOWS\SYSTEM32\bcrypt.dll
0x00007ffbef590000 - 0x00007ffbef5f0000 	C:\WINDOWS\system32\bcryptprimitives.dll
0x00007ffbef5f0000 - 0x00007ffbef5fa000 	C:\WINDOWS\SYSTEM32\CRYPTBASE.dll
0x00007ffbea050000 - 0x00007ffbea079000 	C:\WINDOWS\SYSTEM32\IPHLPAPI.DLL
0x00007ffbea030000 - 0x00007ffbea03a000 	C:\WINDOWS\SYSTEM32\WINNSI.DLL
0x00007ffbe9ae0000 - 0x00007ffbe9af4000 	C:\WINDOWS\SYSTEM32\dhcpcsvc6.DLL
0x00007ffbe9fe0000 - 0x00007ffbe9ff9000 	C:\WINDOWS\SYSTEM32\dhcpcsvc.DLL
0x00007ffbea650000 - 0x00007ffbea65a000 	C:\Users\acer1\AppData\Local\Temp\jansi-64-1-5136435726534255543.11

VM Arguments:
jvm_args: -Djline.terminal=jline.UnsupportedTerminal -Dsbt.log.noformat=true -Dfile.encoding=UTF-8 -Xmx768M -XX:MaxPermSize=384M 
java_command: C:/Users/acer1/.IntelliJIdea2017.1/config/plugins/Scala/launcher/sbt-launch.jar
java_class_path (initial): C:/Users/acer1/.IntelliJIdea2017.1/config/plugins/Scala/launcher/sbt-launch.jar
Launcher Type: SUN_STANDARD

Environment Variables:
PATH=C:\Program Files\Java\jdk1.8.0_121\bin;C:\Program Files\Broadcom\Broadcom 802.11 Network Adapter;C:\Program Files (x86)\Intel\TXE Components\TCS\;C:\Program Files\Intel\TXE Components\TCS\;C:\Windows\system32;C:\Windows;C:\Windows\System32\Wbem;C:\Windows\System32\WindowsPowerShell\v1.0\;C:\Program Files (x86)\Acer\abFiles\;C:\Program Files\WIDCOMM\Bluetooth Software\;C:\Program Files\WIDCOMM\Bluetooth Software\syswow64;C:\Program Files\PuTTY\;C:\Program Files\Git\cmd;D:\Programme\activator-dist-1.3.12\bin;C:\Windows;C:\Users\acer1\Downloads\Neuer Ordner (3)
USERNAME=acer1
OS=Windows_NT
PROCESSOR_IDENTIFIER=Intel64 Family 6 Model 55 Stepping 8, GenuineIntel



---------------  S Y S T E M  ---------------

OS: Windows 8.1 , 64 bit Build 9600 (6.3.9600.17056)

CPU:total 2 (2 cores per cpu, 1 threads per core) family 6 model 55 stepping 8, cmov, cx8, fxsr, mmx, sse, sse2, sse3, ssse3, sse4.1, sse4.2, popcnt, clmul, erms, 3dnowpref, tsc, tscinvbit

Memory: 4k page, physical 4073152k(292328k free), swap 5968964k(12304k free)

vm_info: Java HotSpot(TM) 64-Bit Server VM (25.121-b13) for windows-amd64 JRE (1.8.0_121-b13), built on Dec 12 2016 18:21:36 by "java_re" with MS VC++ 10.0 (VS2010)

time: Fri Jun 23 12:39:37 2017
elapsed time: 35 seconds (0d 0h 0m 35s)

